<?xml version="1.0" encoding="UTF-8"?>
<testng-results ignored="0" total="3" passed="2" failed="1" skipped="0">
  <reporter-output>
  </reporter-output>
  <suite started-at="2023-10-13T07:58:04 IST" name="Default suite" finished-at="2023-10-13T07:58:22 IST" duration-ms="18780">
    <groups>
      <group name="cucumber">
        <method signature="AbstractTestNGCucumberTests.runScenario(io.cucumber.testng.PickleWrapper,io.cucumber.testng.FeatureWrapper)[pri:0, instance:infynicucumberautomation.runners.Runner@b2c9a9c]" name="runScenario" class="io.cucumber.testng.AbstractTestNGCucumberTests"/>
      </group> <!-- cucumber -->
    </groups>
    <test started-at="2023-10-13T07:58:04 IST" name="Default test" finished-at="2023-10-13T07:58:22 IST" duration-ms="18780">
      <class name="infynicucumberautomation.runners.Runner">
        <test-method is-config="true" signature="setUpClass(org.testng.ITestContext)[pri:0, instance:infynicucumberautomation.runners.Runner@b2c9a9c]" started-at="2023-10-13T07:58:04 IST" name="setUpClass" finished-at="2023-10-13T07:58:04 IST" duration-ms="394" status="PASS">
          <params>
            <param index="0">
              <value>
                <![CDATA[org.testng.TestRunner@16f0ec18]]>
              </value>
            </param>
          </params>
          <reporter-output>
          </reporter-output>
        </test-method> <!-- setUpClass -->
        <test-method signature="runScenario(io.cucumber.testng.PickleWrapper,io.cucumber.testng.FeatureWrapper)[pri:0, instance:infynicucumberautomation.runners.Runner@b2c9a9c]" started-at="2023-10-13T07:58:04 IST" name="runScenario" description="Runs Cucumber Scenarios" data-provider="scenarios" finished-at="2023-10-13T07:58:14 IST" duration-ms="9419" status="FAIL">
          <params>
            <param index="0">
              <value>
                <![CDATA["User should login successfully with valid data"]]>
              </value>
            </param>
            <param index="1">
              <value>
                <![CDATA["This feature runs for login page"]]>
              </value>
            </param>
          </params>
          <exception class="java.lang.AssertionError">
            <message>
              <![CDATA[expected [All projects] but found []]]>
            </message>
            <full-stacktrace>
              <![CDATA[java.lang.AssertionError: expected [All projects] but found []
at org.testng.Assert.fail(Assert.java:111)
at org.testng.Assert.failNotEquals(Assert.java:1578)
at org.testng.Assert.assertEqualsImpl(Assert.java:150)
at org.testng.Assert.assertEquals(Assert.java:132)
at org.testng.Assert.assertEquals(Assert.java:656)
at org.testng.Assert.assertEquals(Assert.java:666)
at infynicucumberautomation.stepdefinitions.LoginStepDefinitions.user_should_see_all_projects_page(LoginStepDefinitions.java:54)
at âœ½.User should see All projects page(file:///C:/Users/prash/eclipse-workspace/cucumberautomation/Features/LoginScenarios.feature:10)
]]>
            </full-stacktrace>
          </exception> <!-- java.lang.AssertionError -->
          <reporter-output>
          </reporter-output>
        </test-method> <!-- runScenario -->
        <test-method signature="runScenario(io.cucumber.testng.PickleWrapper,io.cucumber.testng.FeatureWrapper)[pri:0, instance:infynicucumberautomation.runners.Runner@b2c9a9c]" started-at="2023-10-13T07:58:14 IST" name="runScenario" description="Runs Cucumber Scenarios" data-provider="scenarios" finished-at="2023-10-13T07:58:18 IST" duration-ms="4410" status="PASS">
          <params>
            <param index="0">
              <value>
                <![CDATA["User should not login with Invalid data"]]>
              </value>
            </param>
            <param index="1">
              <value>
                <![CDATA["This feature runs for login page"]]>
              </value>
            </param>
          </params>
          <reporter-output>
          </reporter-output>
        </test-method> <!-- runScenario -->
        <test-method signature="runScenario(io.cucumber.testng.PickleWrapper,io.cucumber.testng.FeatureWrapper)[pri:0, instance:infynicucumberautomation.runners.Runner@b2c9a9c]" started-at="2023-10-13T07:58:18 IST" name="runScenario" description="Runs Cucumber Scenarios" data-provider="scenarios" finished-at="2023-10-13T07:58:22 IST" duration-ms="4490" status="PASS">
          <params>
            <param index="0">
              <value>
                <![CDATA["User should not login with Invalid data"]]>
              </value>
            </param>
            <param index="1">
              <value>
                <![CDATA["This feature runs for login page"]]>
              </value>
            </param>
          </params>
          <reporter-output>
          </reporter-output>
        </test-method> <!-- runScenario -->
        <test-method is-config="true" signature="tearDownClass()[pri:0, instance:infynicucumberautomation.runners.Runner@b2c9a9c]" started-at="2023-10-13T07:58:22 IST" name="tearDownClass" finished-at="2023-10-13T07:58:22 IST" duration-ms="22" status="PASS">
          <reporter-output>
          </reporter-output>
        </test-method> <!-- tearDownClass -->
      </class> <!-- infynicucumberautomation.runners.Runner -->
    </test> <!-- Default test -->
  </suite> <!-- Default suite -->
</testng-results>
