<?xml version="1.0" encoding="UTF-8"?>
<!-- Generated by org.testng.reporters.JUnitReportReporter -->
<testsuite hostname="PRASHANTHI" failures="1" tests="3" name="infynicucumberautomation.runners.Runner" time="18.319" errors="0" timestamp="2023-10-13T07:58:23 IST" skipped="0">
  <testcase classname="infynicucumberautomation.runners.Runner" name="runScenario" time="9.419">
    <failure message="expected [All projects] but found []" type="java.lang.AssertionError">
      <![CDATA[java.lang.AssertionError: expected [All projects] but found []
at org.testng.Assert.fail(Assert.java:111)
at org.testng.Assert.failNotEquals(Assert.java:1578)
at org.testng.Assert.assertEqualsImpl(Assert.java:150)
at org.testng.Assert.assertEquals(Assert.java:132)
at org.testng.Assert.assertEquals(Assert.java:656)
at org.testng.Assert.assertEquals(Assert.java:666)
at infynicucumberautomation.stepdefinitions.LoginStepDefinitions.user_should_see_all_projects_page(LoginStepDefinitions.java:54)
at âœ½.User should see All projects page(file:///C:/Users/prash/eclipse-workspace/cucumberautomation/Features/LoginScenarios.feature:10)
]]>
    </failure>
  </testcase> <!-- runScenario -->
  <testcase classname="infynicucumberautomation.runners.Runner" name="runScenario" time="4.410"/>
  <testcase classname="infynicucumberautomation.runners.Runner" name="runScenario" time="4.490"/>
</testsuite> <!-- infynicucumberautomation.runners.Runner -->
