<?xml version="1.0" encoding="UTF-8"?>
<!-- Generated by org.testng.reporters.JUnitXMLReporter -->
<testsuite ignored="0" hostname="PRASHANTHI" failures="1" tests="3" name="Cucumber test" time="34.175" errors="0" timestamp="2023-10-18T07:08:07 IST">
  <testcase classname="io.cucumber.testng.AbstractTestNGCucumberTests" name="runScenario" time="20.974">
    <failure type="java.lang.AssertionError" message="expected [All projects] but found []">
      <![CDATA[java.lang.AssertionError: expected [All projects] but found []
at infynicucumberautomation.stepdefinitions.LoginStepDefinitions.user_should_see_all_projects_page(LoginStepDefinitions.java:54)
at âœ½.User should see All projects page(file:///C:/Users/prash/eclipse-workspace/cucumberautomation/Features/LoginScenarios.feature:10)
... Removed 6 stack frames]]>
    </failure>
  </testcase> <!-- runScenario -->
  <testcase classname="io.cucumber.testng.AbstractTestNGCucumberTests" name="runScenario" time="5.974"/>
  <testcase classname="io.cucumber.testng.AbstractTestNGCucumberTests" name="runScenario" time="6.024"/>
</testsuite> <!-- Cucumber test -->
